[30May2025 00:03:34.747] [Server thread/INFO] [net.minecraft.server.MinecraftServer/]: [UnGatoCalico: Killed UnGatoCalico]
[30May2025 00:03:35.435] [Server thread/WARN] [net.minecraft.server.network.ServerGamePacketListenerImpl/]: UnGatoCalico moved too quickly! -663.670582468317,5.0625,-1261.3902210047513
[30May2025 00:03:55.024] [Server thread/INFO] [net.minecraft.server.MinecraftServer/]: UnGatoCalico was killed
[30May2025 00:03:56.790] [Server thread/INFO] [do_a_barrel_roll/]: Client of UnGatoCalico accepted server config.
[30May2025 00:13:37.453] [Server thread/INFO] [net.minecraft.server.players.PlayerList/]: jeanpaul_xd[/10.147.19.78:58063] logged in with entity id 6879 at (-360.0029580926777, 136.0, 326.23750001192093)
[30May2025 00:13:37.525] [Server thread/INFO] [ModernFix/]: Using enhanced recipe sync for player jeanpaul_xd
[30May2025 00:13:37.540] [Server thread/INFO] [net.minecraft.server.MinecraftServer/]: jeanpaul_xd joined the game
[30May2025 00:13:37.624] [Server thread/INFO] [ToolLeveling+/]: Sending config 'tool_leveling_table.json' to player 'jeanpaul_xd'
[30May2025 00:13:37.625] [Server thread/INFO] [ToolLeveling+/]: Sending config 'command_config.json' to player 'jeanpaul_xd'
[30May2025 00:13:37.653] [Server thread/INFO] [Jade/]: Syncing config to jeanpaul_xd (2cc24492-37ef-3d5e-98fb-d8bf0bcb9084)
[30May2025 00:13:41.517] [Server thread/INFO] [voicechat/]: [voicechat] Received secret request of jeanpaul_xd (18)
[30May2025 00:13:41.518] [Server thread/INFO] [voicechat/]: [voicechat] Sent secret to jeanpaul_xd
[30May2025 00:13:47.023] [Server thread/INFO] [do_a_barrel_roll/]: Client of jeanpaul_xd accepted server config.
[30May2025 00:13:51.566] [VoiceChatPacketProcessingThread/INFO] [voicechat/]: [voicechat] Successfully authenticated player 2cc24492-37ef-3d5e-98fb-d8bf0bcb9084
[30May2025 00:13:52.572] [VoiceChatPacketProcessingThread/INFO] [voicechat/]: [voicechat] Successfully validated connection of player 2cc24492-37ef-3d5e-98fb-d8bf0bcb9084
[30May2025 00:13:52.572] [VoiceChatPacketProcessingThread/INFO] [voicechat/]: [voicechat] Player jeanpaul_xd (2cc24492-37ef-3d5e-98fb-d8bf0bcb9084) successfully connected to voice chat
[30May2025 00:16:02.152] [Server thread/INFO] [net.minecraft.server.MinecraftServer/]: [Not Secure] <jeanpaul_xd> hola
[30May2025 00:16:07.571] [Server thread/INFO] [net.minecraft.server.MinecraftServer/]: [Not Secure] <jeanpaul_xd> dc?
[30May2025 00:18:40.717] [Server thread/INFO] [net.minecraft.server.MinecraftServer/]: jeanpaul_xd has made the advancement [Hunt and Gather]
[30May2025 00:23:08.062] [Server thread/INFO] [fastsuite/]: Constructed recipe list for minecraft:crafting in 6.412 ms. 6024/6176 recipes are parallelized.
[30May2025 00:23:50.015] [Server thread/INFO] [net.minecraft.server.MinecraftServer/]: [UnGatoCalico: Teleported UnGatoCalico to jeanpaul_xd]
[30May2025 00:27:21.109] [Server thread/INFO] [net.minecraft.server.MinecraftServer/]: [UnGatoCalico: Set own game mode to Creative Mode]
[30May2025 00:27:28.851] [Server thread/INFO] [net.minecraft.server.MinecraftServer/]: [UnGatoCalico: Set own game mode to Survival Mode]
[30May2025 00:27:56.360] [Server thread/INFO] [net.minecraft.server.MinecraftServer/]: [UnGatoCalico: Set own game mode to Creative Mode]
[30May2025 00:28:04.710] [Server thread/INFO] [net.minecraft.server.MinecraftServer/]: [UnGatoCalico: Set own game mode to Survival Mode]
[30May2025 00:30:17.777] [Server thread/INFO] [net.minecraft.server.MinecraftServer/]: [UnGatoCalico: Teleported UnGatoCalico to jeanpaul_xd]
[30May2025 00:30:33.241] [Server thread/INFO] [net.minecraft.server.MinecraftServer/]: UnGatoCalico has made the advancement [Bonk!]
[30May2025 00:38:24.603] [Server thread/INFO] [net.minecraft.server.MinecraftServer/]: [UnGatoCalico: Set own game mode to Creative Mode]
[30May2025 00:38:28.611] [Server thread/INFO] [net.minecraft.server.MinecraftServer/]: [UnGatoCalico: Set own game mode to Survival Mode]
[30May2025 00:39:39.122] [Server thread/INFO] [net.minecraft.server.MinecraftServer/]: [UnGatoCalico: Set own game mode to Creative Mode]
[30May2025 00:39:42.461] [Server thread/INFO] [net.minecraft.server.MinecraftServer/]: [UnGatoCalico: Set own game mode to Survival Mode]
[30May2025 00:40:20.651] [Server thread/INFO] [net.minecraft.server.MinecraftServer/]: UnGatoCalico has reached the goal [Spider Warlord]
[30May2025 00:40:20.669] [Server thread/INFO] [net.minecraft.server.MinecraftServer/]: UnGatoCalico has completed the challenge [Squire of the Dark Lord]
[30May2025 00:43:53.374] [Server thread/INFO] [net.minecraft.server.MinecraftServer/]: [UnGatoCalico: Set own game mode to Creative Mode]
[30May2025 00:43:55.714] [Server thread/INFO] [net.minecraft.server.MinecraftServer/]: [UnGatoCalico: Set own game mode to Survival Mode]
[30May2025 00:49:33.865] [Server thread/INFO] [net.minecraft.server.MinecraftServer/]: [UnGatoCalico: Set own game mode to Creative Mode]
[30May2025 00:49:49.876] [Server thread/INFO] [net.minecraft.server.MinecraftServer/]: [UnGatoCalico: Set own game mode to Survival Mode]
[30May2025 00:49:59.279] [Server thread/INFO] [com.simibubi.create.Create/]: New Schematic Uploaded: UnGatoCalico/Bodega.nbt
[30May2025 00:52:04.851] [VoiceChatPacketProcessingThread/INFO] [voicechat/]: [voicechat] Player 2cc24492-37ef-3d5e-98fb-d8bf0bcb9084 timed out
[30May2025 00:52:04.851] [VoiceChatPacketProcessingThread/INFO] [voicechat/]: [voicechat] Reconnecting player jeanpaul_xd
[30May2025 00:52:04.851] [VoiceChatPacketProcessingThread/INFO] [voicechat/]: [voicechat] Sent secret to jeanpaul_xd
[30May2025 00:52:38.651] [Server thread/INFO] [net.minecraft.server.network.ServerGamePacketListenerImpl/]: jeanpaul_xd lost connection: Timed out
[30May2025 00:52:38.652] [Server thread/INFO] [net.minecraft.server.MinecraftServer/]: jeanpaul_xd left the game
[30May2025 00:52:38.658] [Server thread/INFO] [voicechat/]: [voicechat] Disconnecting client jeanpaul_xd
[30May2025 00:52:38.708] [Server thread/WARN] [net.minecraft.network.Connection/]: handleDisconnection() called twice
